This file contains any messages produced by compilers while
running configure, to aid debugging if configure makes a mistake.

configure:752: checking for non-GNU ld
configure:787: checking if the linker (/usr/bin/ld) is GNU ld
GNU ld version 2.11.93.0.2 20020207
configure:835: checking for a BSD compatible install
configure:888: checking whether build environment is sane
configure:945: checking whether make sets ${MAKE}
configure:991: checking for working aclocal
configure:1004: checking for working autoconf
configure:1017: checking for working automake
configure:1030: checking for working autoheader
configure:1043: checking for working makeinfo
configure:1062: checking for strerror in -lcposix
configure:1081: cc -o conftest    conftest.c -lcposix   1>&5
/usr/bin/ld: cannot find -lcposix
collect2: ld returned 1 exit status
configure: failed program was:
#line 1070 "configure"
#include "confdefs.h"
/* Override any gcc2 internal prototype to avoid an error.  */
/* We use char because int might match the return type of a gcc2
    builtin and then its argument prototype would still apply.  */
char strerror();

int main() {
strerror()
; return 0; }
configure:1106: checking for gcc
configure:1219: checking whether the C compiler (gcc  ) works
configure:1235: gcc -o conftest    conftest.c  1>&5
configure:1261: checking whether the C compiler (gcc  ) is a cross-compiler
configure:1266: checking whether we are using GNU C
configure:1275: gcc -E conftest.c
configure:1294: checking whether gcc accepts -g
configure:1330: checking for c++
configure:1362: checking whether the C++ compiler (c++  ) works
configure:1378: c++ -o conftest    conftest.C  1>&5
configure:1404: checking whether the C++ compiler (c++  ) is a cross-compiler
configure:1409: checking whether we are using GNU C++
configure:1418: c++ -E conftest.C
configure:1437: checking whether c++ accepts -g
configure:1486: gcc -c -g -O2  conftest.c 1>&5
configure:1503: gcc -c -g -O2  conftest.c 1>&5
configure:1523: checking for gcc option to accept ANSI C
configure:1576: gcc  -c -g -O2  conftest.c 1>&5
configure:1600: checking how to run the C preprocessor
configure:1621: gcc -E  conftest.c >/dev/null 2>conftest.out
configure:1680: checking for ANSI C header files
configure:1693: gcc -E  conftest.c >/dev/null 2>conftest.out
configure:1760: gcc -o conftest -g -O2   conftest.c  1>&5
configure:1795: checking for Cygwin environment
configure:1811: gcc -c -g -O2  conftest.c 1>&5
configure: In function `main':
configure:1807: `__CYGWIN32__' undeclared (first use in this function)
configure:1807: (Each undeclared identifier is reported only once
configure:1807: for each function it appears in.)
configure: failed program was:
#line 1800 "configure"
#include "confdefs.h"

int main() {

#ifndef __CYGWIN__
#define __CYGWIN__ __CYGWIN32__
#endif
return __CYGWIN__;
; return 0; }
configure:1828: checking for mingw32 environment
configure:1840: gcc -c -g -O2  conftest.c 1>&5
configure: In function `main':
configure:1836: `__MINGW32__' undeclared (first use in this function)
configure:1836: (Each undeclared identifier is reported only once
configure:1836: for each function it appears in.)
configure: failed program was:
#line 1833 "configure"
#include "confdefs.h"

int main() {
return __MINGW32__;
; return 0; }
configure:1932: checking host system type
configure:1953: checking build system type
configure:1982: checking for ld used by GCC
configure:2050: checking if the linker (/usr/bin/ld) is GNU ld
GNU ld version 2.11.93.0.2 20020207
configure:2067: checking for /usr/bin/ld option to reload object files
configure:2079: checking for BSD-compatible nm
configure:2117: checking whether ln -s works
configure:2138: checking how to recognise dependant libraries
configure:2321: checking for object suffix
configure:2327: gcc -c -g -O2  conftest.c 1>&5
configure:2347: checking for executable suffix
configure:2357: gcc -o conftest -g -O2   conftest.c  1>&5
configure:2388: checking command to parse /usr/bin/nm -B output
configure:2468: gcc -c -g -O2  conftest.c 1>&5
configure:2471: /usr/bin/nm -B conftest.o | sed -n -e 's/^.*[ ]\([ABCDGISTW][ABCDGISTW]*\)[ ][ ]*\(\)\([_A-Za-z][_A-Za-z0-9]*\)$/\1 \2\3 \3/p' > conftest.nm
configure:2522: gcc -o conftest -g -O2   conftest.c conftstm.o 1>&5
configure:2571: checking for dlfcn.h
configure:2581: gcc -E  conftest.c >/dev/null 2>conftest.out
configure:2749: checking for ranlib
configure:2816: checking for strip
configure:3059: checking for objdir
configure:3086: checking for gcc option to produce PIC
configure:3238: checking if gcc PIC flag -fPIC works
configure:3252: gcc -c -g -O2 -fPIC -DPIC  conftest.c 1>&5
configure:3304: checking if gcc static flag -static works
configure:3319: gcc -o conftest -g -O2   -static conftest.c  1>&5
configure:3346: checking if gcc supports -c -o file.o
configure:3365: gcc -c -g -O2 -o out/conftest2.o  conftest.c 1>&5
configure:3394: checking if gcc supports -c -o file.lo
configure:3412: gcc -c -g -O2 -c -o conftest.lo  conftest.c 1>&5
configure:3462: checking if gcc supports -fno-rtti -fno-exceptions
configure:3475: gcc -c -g -O2 -fno-rtti -fno-exceptions -c conftest.c  conftest.c 1>&5
configure:3502: checking whether the linker (/usr/bin/ld) supports shared libraries
configure:4186: checking how to hardcode library paths into programs
configure:4214: checking whether stripping libraries is possible
configure:4228: checking dynamic linker characteristics
configure:4625: checking if libtool supports shared libraries
configure:4629: checking whether to build shared libraries
configure:4652: checking whether to build static libraries
configure:5188: checking whether -lc should be explicitly linked in
configure:5195: gcc -c -g -O2  conftest.c 1>&5
configure:5208: gcc -shared conftest.o  -v -Wl,-soname -Wl,conftest -o conftest 2>&1 | grep  -lc  >/dev/null 2>&1
configure:5810: checking for shared library run path origin
configure:5847: checking for ranlib
configure:5875: checking for working const
configure:5929: gcc -c -g -O2  conftest.c 1>&5
configure:5950: checking for inline
configure:5964: gcc -c -g -O2  conftest.c 1>&5
configure:5990: checking for off_t
configure:6023: checking for size_t
configure:6058: checking for working alloca.h
configure:6070: gcc -o conftest -g -O2   conftest.c  1>&5
configure:6091: checking for alloca
configure:6124: gcc -o conftest -g -O2   conftest.c  1>&5
configure:6293: checking for stdlib.h
configure:6303: gcc -E  conftest.c >/dev/null 2>conftest.out
configure:6293: checking for unistd.h
configure:6303: gcc -E  conftest.c >/dev/null 2>conftest.out
configure:6293: checking for sys/stat.h
configure:6303: gcc -E  conftest.c >/dev/null 2>conftest.out
configure:6293: checking for sys/types.h
configure:6303: gcc -E  conftest.c >/dev/null 2>conftest.out
configure:6332: checking for getpagesize
configure:6360: gcc -o conftest -g -O2   conftest.c  1>&5
configure:6385: checking for working mmap
configure:6546: gcc -o conftest -g -O2   conftest.c  1>&5
configure:6570: checking whether we are using the GNU C Library 2.1 or newer
configure:6990: checking for iconv
configure:7008: gcc -o conftest -g -O2   conftest.c  1>&5
configure:7069: checking for msgfmt
configure:7104: checking for gmsgfmt
configure:7141: checking for xgettext
configure:7178: checking for msgmerge
configure:7241: checking for argz.h
configure:7251: gcc -E  conftest.c >/dev/null 2>conftest.out
configure:7241: checking for limits.h
configure:7251: gcc -E  conftest.c >/dev/null 2>conftest.out
configure:7241: checking for locale.h
configure:7251: gcc -E  conftest.c >/dev/null 2>conftest.out
configure:7241: checking for nl_types.h
configure:7251: gcc -E  conftest.c >/dev/null 2>conftest.out
configure:7241: checking for malloc.h
configure:7251: gcc -E  conftest.c >/dev/null 2>conftest.out
configure:7241: checking for stddef.h
configure:7251: gcc -E  conftest.c >/dev/null 2>conftest.out
configure:7241: checking for stdlib.h
configure:7241: checking for string.h
configure:7251: gcc -E  conftest.c >/dev/null 2>conftest.out
configure:7241: checking for unistd.h
configure:7241: checking for sys/param.h
configure:7251: gcc -E  conftest.c >/dev/null 2>conftest.out
configure:7282: checking for feof_unlocked
configure:7310: gcc -o conftest -g -O2   conftest.c  1>&5
configure:7282: checking for fgets_unlocked
configure:7310: gcc -o conftest -g -O2   conftest.c  1>&5
configure:7282: checking for getc_unlocked
configure:7310: gcc -o conftest -g -O2   conftest.c  1>&5
configure:7282: checking for getcwd
configure:7310: gcc -o conftest -g -O2   conftest.c  1>&5
configure:7282: checking for getegid
configure:7310: gcc -o conftest -g -O2   conftest.c  1>&5
configure:7282: checking for geteuid
configure:7310: gcc -o conftest -g -O2   conftest.c  1>&5
configure:7282: checking for getgid
configure:7310: gcc -o conftest -g -O2   conftest.c  1>&5
configure:7282: checking for getuid
configure:7310: gcc -o conftest -g -O2   conftest.c  1>&5
configure:7282: checking for mempcpy
configure:7310: gcc -o conftest -g -O2   conftest.c  1>&5
configure:7282: checking for munmap
configure:7310: gcc -o conftest -g -O2   conftest.c  1>&5
configure:7282: checking for putenv
configure:7310: gcc -o conftest -g -O2   conftest.c  1>&5
configure:7282: checking for setenv
configure:7310: gcc -o conftest -g -O2   conftest.c  1>&5
configure:7282: checking for setlocale
configure:7310: gcc -o conftest -g -O2   conftest.c  1>&5
configure:7282: checking for stpcpy
configure:7310: gcc -o conftest -g -O2   conftest.c  1>&5
configure:7282: checking for strcasecmp
configure:7310: gcc -o conftest -g -O2   conftest.c  1>&5
configure:7282: checking for strdup
configure:7310: gcc -o conftest -g -O2   conftest.c  1>&5
configure:7282: checking for strtoul
configure:7310: gcc -o conftest -g -O2   conftest.c  1>&5
configure:7282: checking for tsearch
configure:7310: gcc -o conftest -g -O2   conftest.c  1>&5
configure:7282: checking for __argz_count
configure:7310: gcc -o conftest -g -O2   conftest.c  1>&5
configure:7282: checking for __argz_stringify
configure:7310: gcc -o conftest -g -O2   conftest.c  1>&5
configure:7282: checking for __argz_next
configure:7310: gcc -o conftest -g -O2   conftest.c  1>&5
configure:7339: checking for iconv declaration
configure:7364: gcc -c -g -O2  conftest.c 1>&5
configure:7388: checking for nl_langinfo and CODESET
configure:7400: gcc -o conftest -g -O2   conftest.c  1>&5
configure:7423: checking for LC_MESSAGES
configure:7435: gcc -o conftest -g -O2   conftest.c  1>&5
configure:7461: checking for bison
configure:7494: checking version of bison
configure:7521: checking whether NLS is requested
configure:7545: checking whether included gettext is requested
configure:7565: checking for GNU gettext in libc
configure:7580: gcc -o conftest -g -O2   conftest.c  1>&5
